<?xml version="1.0" encoding="UTF-8"?>
<testng-results skipped="0" failed="0" ignored="0" total="1" passed="1">
  <reporter-output>
  </reporter-output>
  <suite name="Suite" duration-ms="26528" started-at="2018-10-06T16:34:17Z" finished-at="2018-10-06T16:34:44Z">
    <groups>
    </groups>
    <test name="Test" duration-ms="26528" started-at="2018-10-06T16:34:17Z" finished-at="2018-10-06T16:34:44Z">
      <class name="com.selenium.test.Test02">
        <test-method status="PASS" signature="getDriver()[pri:0, instance:com.selenium.test.Test02@c038203]" name="getDriver" is-config="true" duration-ms="14097" started-at="2018-10-06T13:34:17Z" finished-at="2018-10-06T13:34:31Z">
          <reporter-output>
          </reporter-output>
        </test-method> <!-- getDriver -->
        <test-method status="PASS" signature="example02()[pri:0, instance:com.selenium.test.Test02@c038203]" name="example02" duration-ms="12416" started-at="2018-10-06T13:34:31Z" finished-at="2018-10-06T13:34:43Z">
          <reporter-output>
          </reporter-output>
        </test-method> <!-- example02 -->
        <test-method status="PASS" signature="teardownTest()[pri:0, instance:com.selenium.test.Test02@c038203]" name="teardownTest" is-config="true" duration-ms="0" started-at="2018-10-06T13:34:43Z" finished-at="2018-10-06T13:34:43Z">
          <reporter-output>
          </reporter-output>
        </test-method> <!-- teardownTest -->
      </class> <!-- com.selenium.test.Test02 -->
    </test> <!-- Test -->
  </suite> <!-- Suite -->
</testng-results>
